<?xml version="1.0" encoding="UTF-8"?>
<!-- Generated by org.testng.reporters.JUnitReportReporter -->
<testsuite hostname="RushTen" failures="0" tests="5" name="ujian.ujiankelima.runner.TestGoogleNews" time="91.418" errors="0" timestamp="2022-09-24T21:19:55 ICT" skipped="0">
  <testcase classname="ujian.ujiankelima.runner.TestGoogleNews" name="testGoToPageHeadLines" time="7.081"/>
  <system-out/>
  <testcase classname="ujian.ujiankelima.runner.TestGoogleNews" name="testGoToPageFollowing" time="34.121"/>
  <system-out/>
  <testcase classname="ujian.ujiankelima.runner.TestGoogleNews" name="testGoToPageNewsstand" time="35.792"/>
  <system-out/>
  <testcase classname="ujian.ujiankelima.runner.TestGoogleNews" name="testGoToPageSetting" time="8.220"/>
  <system-out/>
  <testcase classname="ujian.ujiankelima.runner.TestGoogleNews" name="testGoToHelp" time="6.204"/>
  <system-out/>
</testsuite> <!-- ujian.ujiankelima.runner.TestGoogleNews -->
