<?xml version="1.0" encoding="UTF-8"?>
<!-- Generated by org.testng.reporters.JUnitReportReporter -->
<testsuite hostname="DESKTOP-26B5BFK" failures="0" tests="5" name="ujian.ujiankelima.runner.TestGoogleNews" time="94.105" errors="0" timestamp="2022-09-24T21:57:40 ICT" skipped="0">
  <testcase classname="ujian.ujiankelima.runner.TestGoogleNews" name="testGoToPageHeadLines" time="7.903"/>
  <system-out/>
  <testcase classname="ujian.ujiankelima.runner.TestGoogleNews" name="testGoToPageFollowing" time="34.854"/>
  <system-out/>
  <testcase classname="ujian.ujiankelima.runner.TestGoogleNews" name="testGoToPageNewsstand" time="36.420"/>
  <system-out/>
  <testcase classname="ujian.ujiankelima.runner.TestGoogleNews" name="testGoToPageSetting" time="8.621"/>
  <system-out/>
  <testcase classname="ujian.ujiankelima.runner.TestGoogleNews" name="testGoToHelp" time="6.307"/>
  <system-out/>
</testsuite> <!-- ujian.ujiankelima.runner.TestGoogleNews -->
